<?xml version="1.0" encoding="UTF-8" ?>
<testsuite tests="56" failures="0" name="com.ktds.sems.education.biz.EducationBizTest" time="1.056" errors="0" skipped="0">
  <properties>
    <property name="java.runtime.name" value="Java(TM) SE Runtime Environment"/>
    <property name="sun.boot.library.path" value="C:\Program Files (x86)\Java\jdk1.8.0_73\jre\bin"/>
    <property name="java.vm.version" value="25.73-b02"/>
    <property name="java.vm.vendor" value="Oracle Corporation"/>
    <property name="maven.multiModuleProjectDirectory" value="C:\Users\206-001\workspace\SEMS\SEMS-BACK"/>
    <property name="java.vendor.url" value="http://java.oracle.com/"/>
    <property name="path.separator" value=";"/>
    <property name="guice.disable.misplaced.annotation.check" value="true"/>
    <property name="java.vm.name" value="Java HotSpot(TM) Client VM"/>
    <property name="file.encoding.pkg" value="sun.io"/>
    <property name="user.script" value=""/>
    <property name="env" value=""/>
    <property name="user.country" value="KR"/>
    <property name="sun.java.launcher" value="SUN_STANDARD"/>
    <property name="sun.os.patch.level" value="Service Pack 1"/>
    <property name="java.vm.specification.name" value="Java Virtual Machine Specification"/>
    <property name="user.dir" value="C:\Users\206-001\workspace\SEMS\SEMS-BACK"/>
    <property name="java.runtime.version" value="1.8.0_73-b02"/>
    <property name="java.awt.graphicsenv" value="sun.awt.Win32GraphicsEnvironment"/>
    <property name="java.endorsed.dirs" value="C:\Program Files (x86)\Java\jdk1.8.0_73\jre\lib\endorsed"/>
    <property name="os.arch" value="x86"/>
    <property name="java.io.tmpdir" value="C:\Users\206-001\AppData\Local\Temp\"/>
    <property name="line.separator" value="
"/>
    <property name="java.vm.specification.vendor" value="Oracle Corporation"/>
    <property name="user.variant" value=""/>
    <property name="os.name" value="Windows 7"/>
    <property name="classworlds.conf" value="C:\Users\206-001\workspace\SEMS\.metadata\.plugins\org.eclipse.m2e.launching\launches\m2conf7102141462535655959.tmp"/>
    <property name="sun.jnu.encoding" value="MS949"/>
    <property name="java.library.path" value="C:\Program Files (x86)\Java\jdk1.8.0_73\bin;C:\Windows\Sun\Java\bin;C:\Windows\system32;C:\Windows;C:/Program Files/Java/jre1.8.0_65/bin/server;C:/Program Files/Java/jre1.8.0_65/bin;C:/Program Files/Java/jre1.8.0_65/lib/amd64;C:\oraclexe\app\oracle\product\11.2.0\server\bin;;C:\ProgramData\Oracle\Java\javapath;C:\Windows\system32;C:\Windows;C:\Windows\System32\Wbem;C:\Windows\System32\WindowsPowerShell\v1.0\;C:\Program Files\Java\jdk1.8.0_65\bin;C:\Program Files\Git LFS;C:\Program Files\nodejs\;C:\Program Files\Bandizip\7z;C:\Users\206-001\AppData\Roaming\npm;C:\Users\206-001\Desktop\바탕화면 정리\sts-bundle\sts-3.7.2.RELEASE;;."/>
    <property name="java.specification.name" value="Java Platform API Specification"/>
    <property name="java.class.version" value="52.0"/>
    <property name="sun.management.compiler" value="HotSpot Client Compiler"/>
    <property name="os.version" value="6.1"/>
    <property name="user.home" value="C:\Users\206-001"/>
    <property name="user.timezone" value="Asia/Seoul"/>
    <property name="java.awt.printerjob" value="sun.awt.windows.WPrinterJob"/>
    <property name="java.specification.version" value="1.8"/>
    <property name="file.encoding" value="UTF-8"/>
    <property name="user.name" value="206-020"/>
    <property name="java.class.path" value="/C:/Users/206-001/Desktop/바탕화면 정리/sts-bundle/sts-3.7.2.RELEASE/plugins/org.eclipse.m2e.maven.runtime_1.6.2.20150902-0001/jars/plexus-classworlds-2.5.2.jar"/>
    <property name="java.vm.specification.version" value="1.8"/>
    <property name="sun.arch.data.model" value="32"/>
    <property name="java.home" value="C:\Program Files (x86)\Java\jdk1.8.0_73\jre"/>
    <property name="sun.java.command" value="org.codehaus.plexus.classworlds.launcher.Launcher -B clean install -DargLine=-Denv"/>
    <property name="java.specification.vendor" value="Oracle Corporation"/>
    <property name="user.language" value="ko"/>
    <property name="awt.toolkit" value="sun.awt.windows.WToolkit"/>
    <property name="java.vm.info" value="mixed mode, sharing"/>
    <property name="java.version" value="1.8.0_73"/>
    <property name="java.ext.dirs" value="C:\Program Files (x86)\Java\jdk1.8.0_73\jre\lib\ext;C:\Windows\Sun\Java\lib\ext"/>
    <property name="sun.boot.class.path" value="C:\Program Files (x86)\Java\jdk1.8.0_73\jre\lib\resources.jar;C:\Program Files (x86)\Java\jdk1.8.0_73\jre\lib\rt.jar;C:\Program Files (x86)\Java\jdk1.8.0_73\jre\lib\sunrsasign.jar;C:\Program Files (x86)\Java\jdk1.8.0_73\jre\lib\jsse.jar;C:\Program Files (x86)\Java\jdk1.8.0_73\jre\lib\jce.jar;C:\Program Files (x86)\Java\jdk1.8.0_73\jre\lib\charsets.jar;C:\Program Files (x86)\Java\jdk1.8.0_73\jre\lib\jfr.jar;C:\Program Files (x86)\Java\jdk1.8.0_73\jre\classes"/>
    <property name="java.vendor" value="Oracle Corporation"/>
    <property name="maven.home" value="C:\Users\206-001\workspace\SEMS\SEMS-BACK\EMBEDDED"/>
    <property name="file.separator" value="\"/>
    <property name="java.vendor.url.bug" value="http://bugreport.sun.com/bugreport/"/>
    <property name="sun.cpu.endian" value="little"/>
    <property name="sun.io.unicode.encoding" value="UnicodeLittle"/>
    <property name="argLine" value="-Denv"/>
    <property name="sun.desktop" value="windows"/>
    <property name="sun.cpu.isalist" value="pentium_pro+mmx pentium_pro pentium+mmx pentium i486 i386 i86"/>
  </properties>
  <testcase classname="com.ktds.sems.education.biz.EducationBizTest" name="addHitsToEduQnaTest" time="0.016"/>
  <testcase classname="com.ktds.sems.education.biz.EducationBizTest" name="addQnaEduReplyDisLikeTest" time="0.011"/>
  <testcase classname="com.ktds.sems.education.biz.EducationBizTest" name="addQnaEduReplyLikeTest" time="0.013"/>
  <testcase classname="com.ktds.sems.education.biz.EducationBizTest" name="applyJoinEducationByMemberIdTest" time="0.014"/>
  <testcase classname="com.ktds.sems.education.biz.EducationBizTest" name="cancelJoinEducationByMemberIdTest" time="0.011"/>
  <testcase classname="com.ktds.sems.education.biz.EducationBizTest" name="checkReReplyEvalTest" time="0.018"/>
  <testcase classname="com.ktds.sems.education.biz.EducationBizTest" name="confirmMemberOfEduTest" time="0.014"/>
  <testcase classname="com.ktds.sems.education.biz.EducationBizTest" name="detailOfEduQnaTest" time="0.021"/>
  <testcase classname="com.ktds.sems.education.biz.EducationBizTest" name="doDeleteEduNoticeTest" time="0.016"/>
  <testcase classname="com.ktds.sems.education.biz.EducationBizTest" name="doEduFileNoticeModifyTest" time="0.025"/>
  <testcase classname="com.ktds.sems.education.biz.EducationBizTest" name="getAllEduFile" time="0.015"/>
  <testcase classname="com.ktds.sems.education.biz.EducationBizTest" name="getAllEduFileNoticeTest" time="0.073"/>
  <testcase classname="com.ktds.sems.education.biz.EducationBizTest" name="getAllEduQna" time="0.018"/>
  <testcase classname="com.ktds.sems.education.biz.EducationBizTest" name="getAllEduQnaTest" time="0.036"/>
  <testcase classname="com.ktds.sems.education.biz.EducationBizTest" name="getAllEduReport" time="0.016"/>
  <testcase classname="com.ktds.sems.education.biz.EducationBizTest" name="getAllEduReportHistoryTest" time="0.024"/>
  <testcase classname="com.ktds.sems.education.biz.EducationBizTest" name="getAllMemberListByEduIdTest1" time="0.016"/>
  <testcase classname="com.ktds.sems.education.biz.EducationBizTest" name="getAllMemberListByEduIdTest2" time="0.012"/>
  <testcase classname="com.ktds.sems.education.biz.EducationBizTest" name="getAllMemberListByTeamIdTest1" time="0.014"/>
  <testcase classname="com.ktds.sems.education.biz.EducationBizTest" name="getAllMemberListByTeamIdTest2" time="0.014"/>
  <testcase classname="com.ktds.sems.education.biz.EducationBizTest" name="getAllMemberListTest" time="0.015"/>
  <testcase classname="com.ktds.sems.education.biz.EducationBizTest" name="getAllStartedEducationListTest" time="0.013"/>
  <testcase classname="com.ktds.sems.education.biz.EducationBizTest" name="getAllTeamListTest" time="0.016"/>
  <testcase classname="com.ktds.sems.education.biz.EducationBizTest" name="getJoinEducationTest1" time="0.013"/>
  <testcase classname="com.ktds.sems.education.biz.EducationBizTest" name="getJoinEducationTest2" time="0.013"/>
  <testcase classname="com.ktds.sems.education.biz.EducationBizTest" name="getNextEqbSeqTest" time="0.014"/>
  <testcase classname="com.ktds.sems.education.biz.EducationBizTest" name="getNextReplySeq" time="0.015"/>
  <testcase classname="com.ktds.sems.education.biz.EducationBizTest" name="getNowDateTest" time="0.013"/>
  <testcase classname="com.ktds.sems.education.biz.EducationBizTest" name="getOneEducationTest" time="0.018"/>
  <testcase classname="com.ktds.sems.education.biz.EducationBizTest" name="getOneMemberAttendanceTest1" time="0.014"/>
  <testcase classname="com.ktds.sems.education.biz.EducationBizTest" name="getOneMemberAttendanceTest2" time="0.013"/>
  <testcase classname="com.ktds.sems.education.biz.EducationBizTest" name="getOneNoticeTest" time="0.018"/>
  <testcase classname="com.ktds.sems.education.biz.EducationBizTest" name="getStateByEducationHistroyIdTest" time="0.014"/>
  <testcase classname="com.ktds.sems.education.biz.EducationBizTest" name="getTotalEduFileCount" time="0.013"/>
  <testcase classname="com.ktds.sems.education.biz.EducationBizTest" name="getTotalEduQnaCount" time="0.015"/>
  <testcase classname="com.ktds.sems.education.biz.EducationBizTest" name="getTotalEduQnaCountTest" time="0.013"/>
  <testcase classname="com.ktds.sems.education.biz.EducationBizTest" name="getTotalEduReportCount" time="0.015"/>
  <testcase classname="com.ktds.sems.education.biz.EducationBizTest" name="getTotalEduReportHisotryCountTest" time="0.01"/>
  <testcase classname="com.ktds.sems.education.biz.EducationBizTest" name="getTotalQnaEduReplyCountTest" time="0.011"/>
  <testcase classname="com.ktds.sems.education.biz.EducationBizTest" name="insertEduQnaTest" time="0.013"/>
  <testcase classname="com.ktds.sems.education.biz.EducationBizTest" name="modifyNewEducationTest" time="0.039"/>
  <testcase classname="com.ktds.sems.education.biz.EducationBizTest" name="modifyNewEducationTestWithError1" time="0.021"/>
  <testcase classname="com.ktds.sems.education.biz.EducationBizTest" name="modifyNewEducationTestWithError10" time="0.022"/>
  <testcase classname="com.ktds.sems.education.biz.EducationBizTest" name="modifyNewEducationTestWithError11" time="0.02"/>
  <testcase classname="com.ktds.sems.education.biz.EducationBizTest" name="modifyNewEducationTestWithError12" time="0.021"/>
  <testcase classname="com.ktds.sems.education.biz.EducationBizTest" name="modifyNewEducationTestWithError14" time="0.021"/>
  <testcase classname="com.ktds.sems.education.biz.EducationBizTest" name="modifyNewEducationTestWithError2" time="0.021"/>
  <testcase classname="com.ktds.sems.education.biz.EducationBizTest" name="modifyNewEducationTestWithError3" time="0.021"/>
  <testcase classname="com.ktds.sems.education.biz.EducationBizTest" name="modifyNewEducationTestWithError4" time="0.022"/>
  <testcase classname="com.ktds.sems.education.biz.EducationBizTest" name="modifyNewEducationTestWithError5" time="0.027"/>
  <testcase classname="com.ktds.sems.education.biz.EducationBizTest" name="modifyNewEducationTestWithError6" time="0.024"/>
  <testcase classname="com.ktds.sems.education.biz.EducationBizTest" name="modifyNewEducationTestWithError7" time="0.022"/>
  <testcase classname="com.ktds.sems.education.biz.EducationBizTest" name="modifyNewEducationTestWithError8" time="0.02"/>
  <testcase classname="com.ktds.sems.education.biz.EducationBizTest" name="modifyNewEducationTestWithError9" time="0.023"/>
  <testcase classname="com.ktds.sems.education.biz.EducationBizTest" name="writeEduFileNoticeActionTest" time="0.023"/>
  <testcase classname="com.ktds.sems.education.biz.EducationBizTest" name="semsTestCaseTest" time="0.008"/>
</testsuite>